Arguments: 
  C:\Program Files\nodejs\node.exe C:\Program Files (x86)\Yarn\bin\yarn.js start

PATH: 
  C:\Program Files (x86)\Common Files\Oracle\Java\javapath;C:\ProgramData\Oracle\Java\javapath;C:\Program Files (x86)\Intel\iCLS Client\;C:\Program Files\Intel\iCLS Client\;C:\WINDOWS\system32;C:\WINDOWS;C:\WINDOWS\System32\Wbem;C:\WINDOWS\System32\WindowsPowerShell\v1.0\;C:\Program Files\Intel\Intel(R) Management Engine Components\DAL;C:\Program Files (x86)\Intel\Intel(R) Management Engine Components\DAL;C:\Program Files\Intel\Intel(R) Management Engine Components\IPT;C:\Program Files (x86)\Intel\Intel(R) Management Engine Components\IPT;C:\Program Files (x86)\ATI Technologies\ATI.ACE\Core-Static;C:\Program Files\Microsoft SQL Server\120\Tools\Binn\;C:\Program Files\Microsoft SQL Server\130\Tools\Binn\;C:\Program Files (x86)\PuTTY\;C:\Program Files\dotnet\;%TFSPowerToolDir%;C:\Program Files\PuTTY\;C:\WINDOWS\System32\OpenSSH\;C:\Program Files\Git\cmd;C:\Program Files\Microsoft\Web Platform Installer\;C:\Program Files (x86)\Yarn\bin\;C:\Program Files\Microsoft SQL Server\Client SDK\ODBC\170\Tools\Binn\;C:\Program Files (x86)\Microsoft SQL Server\110\DTS\Binn\;C:\Program Files (x86)\Microsoft SQL Server\120\DTS\Binn\;C:\Program Files (x86)\Microsoft SQL Server\130\DTS\Binn\;C:\Program Files (x86)\Microsoft SQL Server\140\DTS\Binn\;C:\Program Files (x86)\Microsoft SQL Server\150\DTS\Binn\;C:\Program Files\Microsoft Service Fabric\bin\Fabric\Fabric.Code;C:\Program Files\Microsoft SDKs\Service Fabric\Tools\ServiceFabricLocalClusterManager;C:\Program Files\nodejs\;C:\Users\christoph.koenig\AppData\Local\Microsoft\WindowsApps;C:\Program Files (x86)\Microsoft VS Code\bin;C:\Users\christoph.koenig\AppData\Local\GitHubDesktop\bin;;C:\Users\christoph.koenig\AppData\Local\Programs\Microsoft VS Code\bin;C:\Users\christoph.koenig\AppData\Local\Yarn\bin;C:\Users\christoph.koenig\.dotnet\tools;C:\Users\christoph.koenig\AppData\Local\Microsoft\WindowsApps;C:\Users\christoph.koenig\AppData\Roaming\npm

Yarn version: 
  1.13.0

Node version: 
  12.16.1

Platform: 
  win32 x64

Trace: 
  SyntaxError: C:\repos\private\Cors\StarWarsRestApi\package.json: Unexpected token / in JSON at position 230
      at JSON.parse (<anonymous>)
      at C:\Program Files (x86)\Yarn\lib\cli.js:1625:59
      at Generator.next (<anonymous>)
      at step (C:\Program Files (x86)\Yarn\lib\cli.js:304:30)
      at C:\Program Files (x86)\Yarn\lib\cli.js:315:13

npm manifest: 
  {
    "name": "starwarsrestapi",
    "version": "1.0.0",
    "description": "This REST api lists Star Wars characters and some additional information.",
    "main": "index.js",
    "scripts": {
      "start": "nodemon ./build/server.js",
      // "start": "tsc && node build/server.js",
      "tsc": "tsc",
      "test": "echo \"Error: no test specified\" && exit 1"
    },
    "repository": {
      "type": "git",
      "url": "git+https://github.com/CodeShareRepeat/StarWarsRestApi.git"
    },
    "author": "",
    "license": "ISC",
    "bugs": {
      "url": "https://github.com/CodeShareRepeat/StarWarsRestApi/issues"
    },
    "homepage": "https://github.com/CodeShareRepeat/StarWarsRestApi#readme",
    "dependencies": {
      "@types/express": "^4.17.6",
      "cors": "^2.8.5",
      "express": "^4.17.1",
      "typescript": "^3.9.2"
    },
    "devDependencies": {}
  }

yarn manifest: 
  No manifest

Lockfile: 
  No lockfile
